<?xml version="1.0" encoding="UTF-8"?>
<robot generator="Robot 5.0.1 (Python 3.10.7 on win32)" generated="20240406 01:15:28.907" rpa="false" schemaversion="3">
<suite id="s1" name="Src" source="C:\automation\src">
<suite id="s1-s1" name="000 Config And Initialize System" source="C:\automation\src\000_config_and_initialize_system.robot">
<test id="s1-s1-t1" name="Setting Variables of Enviroment" line="23">
<kw name="urls testing" library="enviroment">
<doc>Funcionalidad: Ninguna
Tipo: Seteo de Variables
Caracteristicas: Ambiente testing</doc>
<kw name="Set Global Variable" library="BuiltIn">
<arg>${BROWSER}</arg>
<doc>Makes a variable available globally in all tests and suites.</doc>
<msg timestamp="20240406 01:15:29.276" level="INFO">${BROWSER} = chrome</msg>
<status status="PASS" starttime="20240406 01:15:29.275" endtime="20240406 01:15:29.276"/>
</kw>
<kw name="Set Global Variable" library="BuiltIn">
<arg>${URL}</arg>
<arg>https://www.saucedemo.com/</arg>
<doc>Makes a variable available globally in all tests and suites.</doc>
<msg timestamp="20240406 01:15:29.276" level="INFO">${URL} = https://www.saucedemo.com/</msg>
<status status="PASS" starttime="20240406 01:15:29.276" endtime="20240406 01:15:29.276"/>
</kw>
<kw name="Set Global Variable" library="BuiltIn">
<arg>${VALID USER ADMIN S1}</arg>
<arg>standard_user</arg>
<doc>Makes a variable available globally in all tests and suites.</doc>
<msg timestamp="20240406 01:15:29.277" level="INFO">${VALID USER ADMIN S1} = standard_user</msg>
<status status="PASS" starttime="20240406 01:15:29.276" endtime="20240406 01:15:29.277"/>
</kw>
<kw name="Set Global Variable" library="BuiltIn">
<arg>${VALID PASS ADMIN S1}</arg>
<arg>secret_sauce</arg>
<doc>Makes a variable available globally in all tests and suites.</doc>
<msg timestamp="20240406 01:15:29.278" level="INFO">${VALID PASS ADMIN S1} = secret_sauce</msg>
<status status="PASS" starttime="20240406 01:15:29.277" endtime="20240406 01:15:29.278"/>
</kw>
<status status="PASS" starttime="20240406 01:15:29.275" endtime="20240406 01:15:29.278"/>
</kw>
<kw name="Close All Browsers" library="SeleniumLibrary" type="TEARDOWN">
<doc>Closes all open browsers and resets the browser cache.</doc>
<status status="PASS" starttime="20240406 01:15:29.279" endtime="20240406 01:15:29.279"/>
</kw>
<doc>Setting Enviroment Variables</doc>
<tag>config</tag>
<tag>development</tag>
<tag>qa</tag>
<status status="PASS" starttime="20240406 01:15:29.274" endtime="20240406 01:15:29.279"/>
</test>
<doc>Config Enviroments
Initialize System
This Test Must Execute with all Enviroments
The Enviroment is: qa</doc>
<status status="PASS" starttime="20240406 01:15:28.935" endtime="20240406 01:15:29.280"/>
</suite>
<suite id="s1-s2" name="Iniciar sesión con credenciales válidas" source="C:\automation\src\Iniciar sesión con credenciales válidas.robot">
<test id="s1-s2-t1" name="Scenario: Iniciar sesión con credenciales válidas" line="15">
<kw name="Given Tenga acceso a la &quot;URL&quot; When Ingresa el &quot;Username&quot; y la &quot;Password&quot;" library="crowdar_loginKeywords">
<arg>${VALID USER ADMIN S1}</arg>
<arg>${VALID PASS ADMIN S1}</arg>
<doc>Usuario existente y acceso a la URL</doc>
<kw name="Open browser with url and browserType" library="commonPage">
<arg>${URL}</arg>
<arg>${BROWSER}</arg>
<doc>Abre Navegador</doc>
<kw name="Open Browser" library="SeleniumLibrary">
<arg>${URL}</arg>
<arg>${BROWSER}</arg>
<doc>Opens a new browser instance to the optional ``url``.</doc>
<msg timestamp="20240406 01:15:29.300" level="INFO">Opening browser 'chrome' to base url 'https://www.saucedemo.com/'.</msg>
<status status="PASS" starttime="20240406 01:15:29.300" endtime="20240406 01:15:31.440"/>
</kw>
<kw name="Maximize Browser Window" library="SeleniumLibrary">
<doc>Maximizes current browser window.</doc>
<status status="PASS" starttime="20240406 01:15:31.440" endtime="20240406 01:15:31.560"/>
</kw>
<kw name="Set Browser Implicit Wait" library="SeleniumLibrary">
<arg>15s</arg>
<doc>Sets the implicit wait value used by Selenium.</doc>
<status status="PASS" starttime="20240406 01:15:31.560" endtime="20240406 01:15:31.561"/>
</kw>
<status status="PASS" starttime="20240406 01:15:29.299" endtime="20240406 01:15:31.561"/>
</kw>
<kw name="Verify Page Loaded" library="crowdar_loginPage">
<doc>Validación</doc>
<kw name="Set Selenium Implicit Wait" library="SeleniumLibrary">
<arg>15s</arg>
<doc>Sets the implicit wait value used by Selenium.</doc>
<status status="PASS" starttime="20240406 01:15:31.562" endtime="20240406 01:15:31.563"/>
</kw>
<kw name="Title Should Be" library="SeleniumLibrary">
<arg>Swag Labs</arg>
<doc>Verifies that the current page title equals ``title``.</doc>
<msg timestamp="20240406 01:15:31.568" level="INFO">Page title is 'Swag Labs'.</msg>
<status status="PASS" starttime="20240406 01:15:31.563" endtime="20240406 01:15:31.568"/>
</kw>
<kw name="Page Should Contain" library="SeleniumLibrary">
<arg>Swag Labs</arg>
<doc>Verifies that current page contains ``text``.</doc>
<msg timestamp="20240406 01:15:31.581" level="INFO">Current page contains text 'Swag Labs'.</msg>
<status status="PASS" starttime="20240406 01:15:31.568" endtime="20240406 01:15:31.581"/>
</kw>
<kw name="Wait Until Element Is Visible" library="SeleniumLibrary">
<arg>${LOGIN_BUTTON}</arg>
<arg>15s</arg>
<doc>Waits until the element ``locator`` is visible.</doc>
<status status="PASS" starttime="20240406 01:15:31.581" endtime="20240406 01:15:31.607"/>
</kw>
<status status="PASS" starttime="20240406 01:15:31.562" endtime="20240406 01:15:31.607"/>
</kw>
<kw name="Complete username and password" library="crowdar_loginPage">
<arg>${usuarioCOM}</arg>
<arg>${passCOM}</arg>
<doc>Usuario y Clave</doc>
<kw name="Set Selenium Implicit Wait" library="SeleniumLibrary">
<arg>15s</arg>
<doc>Sets the implicit wait value used by Selenium.</doc>
<status status="PASS" starttime="20240406 01:15:31.608" endtime="20240406 01:15:31.609"/>
</kw>
<kw name="Input Text" library="SeleniumLibrary">
<arg>${USER_HOME}</arg>
<arg>${pUsername}</arg>
<doc>Types the given ``text`` into the text field identified by ``locator``.</doc>
<msg timestamp="20240406 01:15:31.609" level="INFO">Typing text 'standard_user' into text field 'xpath:.//*[@id="user-name"]'.</msg>
<status status="PASS" starttime="20240406 01:15:31.609" endtime="20240406 01:15:31.707"/>
</kw>
<kw name="Input Text" library="SeleniumLibrary">
<arg>${PASSWORD_HOME}</arg>
<arg>${pPassword}</arg>
<doc>Types the given ``text`` into the text field identified by ``locator``.</doc>
<msg timestamp="20240406 01:15:31.708" level="INFO">Typing text 'secret_sauce' into text field 'xpath:.//*[@id="password"]'.</msg>
<status status="PASS" starttime="20240406 01:15:31.708" endtime="20240406 01:15:31.778"/>
</kw>
<status status="PASS" starttime="20240406 01:15:31.607" endtime="20240406 01:15:31.778"/>
</kw>
<status status="PASS" starttime="20240406 01:15:29.299" endtime="20240406 01:15:31.778"/>
</kw>
<kw name="And Haga clic en el botón de inicio de sesión" library="crowdar_loginKeywords">
<doc>Presionar el boton login</doc>
<kw name="Click button login" library="crowdar_loginPage">
<doc>Boton Ingresar</doc>
<kw name="Set Selenium Implicit Wait" library="SeleniumLibrary">
<arg>15s</arg>
<doc>Sets the implicit wait value used by Selenium.</doc>
<status status="PASS" starttime="20240406 01:15:31.779" endtime="20240406 01:15:31.780"/>
</kw>
<kw name="Click Button" library="SeleniumLibrary">
<arg>${LOGIN_BUTTON}</arg>
<doc>Clicks the button identified by ``locator``.</doc>
<msg timestamp="20240406 01:15:31.780" level="INFO">Clicking button 'xpath:.//*[@id="login-button"]'.</msg>
<status status="PASS" starttime="20240406 01:15:31.780" endtime="20240406 01:15:31.862"/>
</kw>
<status status="PASS" starttime="20240406 01:15:31.778" endtime="20240406 01:15:31.862"/>
</kw>
<status status="PASS" starttime="20240406 01:15:31.778" endtime="20240406 01:15:31.862"/>
</kw>
<kw name="Then El sistema debería redirigirlo a la página principal" library="crowdar_HomeKeywords">
<doc>Presionar el boton login</doc>
<kw name="Then El sistema debería redirigirlo a la página principal" library="crowdar_HomePage">
<doc>Validación</doc>
<kw name="Set Selenium Implicit Wait" library="SeleniumLibrary">
<arg>15s</arg>
<doc>Sets the implicit wait value used by Selenium.</doc>
<status status="PASS" starttime="20240406 01:15:31.863" endtime="20240406 01:15:31.867"/>
</kw>
<kw name="Title Should Be" library="SeleniumLibrary">
<arg>Swag Labs</arg>
<doc>Verifies that the current page title equals ``title``.</doc>
<msg timestamp="20240406 01:15:31.876" level="INFO">Page title is 'Swag Labs'.</msg>
<status status="PASS" starttime="20240406 01:15:31.868" endtime="20240406 01:15:31.876"/>
</kw>
<kw name="Page Should Contain" library="SeleniumLibrary">
<arg>Swag Labs</arg>
<doc>Verifies that current page contains ``text``.</doc>
<msg timestamp="20240406 01:15:31.885" level="INFO">Current page contains text 'Swag Labs'.</msg>
<status status="PASS" starttime="20240406 01:15:31.877" endtime="20240406 01:15:31.885"/>
</kw>
<kw name="Page Should Contain" library="SeleniumLibrary">
<arg>Products</arg>
<doc>Verifies that current page contains ``text``.</doc>
<msg timestamp="20240406 01:15:31.897" level="INFO">Current page contains text 'Products'.</msg>
<status status="PASS" starttime="20240406 01:15:31.885" endtime="20240406 01:15:31.897"/>
</kw>
<status status="PASS" starttime="20240406 01:15:31.863" endtime="20240406 01:15:31.897"/>
</kw>
<status status="PASS" starttime="20240406 01:15:31.862" endtime="20240406 01:15:31.897"/>
</kw>
<kw name="Close All Browsers" library="SeleniumLibrary" type="TEARDOWN">
<doc>Closes all open browsers and resets the browser cache.</doc>
<status status="PASS" starttime="20240406 01:15:31.898" endtime="20240406 01:15:34.039"/>
</kw>
<doc>prueba</doc>
<tag>development</tag>
<tag>qa</tag>
<status status="PASS" starttime="20240406 01:15:29.298" endtime="20240406 01:15:34.039"/>
</test>
<doc>Login and home of pages.


</doc>
<status status="PASS" starttime="20240406 01:15:29.282" endtime="20240406 01:15:34.042"/>
</suite>
<status status="PASS" starttime="20240406 01:15:28.908" endtime="20240406 01:15:34.046"/>
</suite>
<statistics>
<total>
<stat pass="2" fail="0" skip="0">All Tests</stat>
</total>
<tag>
<stat pass="1" fail="0" skip="0">config</stat>
<stat pass="2" fail="0" skip="0">development</stat>
<stat pass="2" fail="0" skip="0">qa</stat>
</tag>
<suite>
<stat pass="2" fail="0" skip="0" id="s1" name="Src">Src</stat>
<stat pass="1" fail="0" skip="0" id="s1-s1" name="000 Config And Initialize System">Src.000 Config And Initialize System</stat>
<stat pass="1" fail="0" skip="0" id="s1-s2" name="Iniciar sesión con credenciales válidas">Src.Iniciar sesión con credenciales válidas</stat>
</suite>
</statistics>
<errors>
</errors>
</robot>
